  tiny_obj_loader.cc
  main.cpp
  View.cpp
  Texture.cpp
  SceneManager.cpp
  Node.cpp
  Model.cpp
  Mesh.cpp
d:\esne\practica 1 3d avanzado\3d_renderer\3d_renderer\source\mesh.cpp(145): warning C4838: conversion from 'float' to 'int' requires a narrowing conversion
d:\esne\practica 1 3d avanzado\3d_renderer\3d_renderer\source\mesh.cpp(145): warning C4244: 'initializing': conversion from 'float' to 'int', possible loss of data
d:\esne\practica 1 3d avanzado\3d_renderer\3d_renderer\source\mesh.cpp(182): warning C4838: conversion from 'float' to 'int' requires a narrowing conversion
d:\esne\practica 1 3d avanzado\3d_renderer\3d_renderer\source\mesh.cpp(182): warning C4244: 'initializing': conversion from 'float' to 'int', possible loss of data
d:\esne\practica 1 3d avanzado\3d_renderer\3d_renderer\source\mesh.cpp(185): warning C4244: 'argument': conversion from 'float' to 'int', possible loss of data
d:\esne\practica 1 3d avanzado\3d_renderer\3d_renderer\source\mesh.cpp(273): warning C4244: 'argument': conversion from 'float' to 'int', possible loss of data
d:\esne\practica 1 3d avanzado\3d_renderer\3d_renderer\source\mesh.cpp(306): warning C4244: 'argument': conversion from 'float' to 'int', possible loss of data
  Material.cpp
  Generating Code...
sfml-main-d.lib(MainWin32.cpp.obj) : warning LNK4099: PDB 'vc140.pdb' was not found with 'sfml-main-d.lib(MainWin32.cpp.obj)' or at 'D:\ESNE\Practica 1 3D Avanzado\3D_Renderer\Debug\vc140.pdb'; linking object as if no debug info
sfml-system-s-d.lib(Clock.cpp.obj) : warning LNK4099: PDB 'vc140.pdb' was not found with 'sfml-system-s-d.lib(Clock.cpp.obj)' or at 'D:\ESNE\Practica 1 3D Avanzado\3D_Renderer\Debug\vc140.pdb'; linking object as if no debug info
sfml-system-s-d.lib(Err.cpp.obj) : warning LNK4099: PDB 'vc140.pdb' was not found with 'sfml-system-s-d.lib(Err.cpp.obj)' or at 'D:\ESNE\Practica 1 3D Avanzado\3D_Renderer\Debug\vc140.pdb'; linking object as if no debug info
sfml-system-s-d.lib(Lock.cpp.obj) : warning LNK4099: PDB 'vc140.pdb' was not found with 'sfml-system-s-d.lib(Lock.cpp.obj)' or at 'D:\ESNE\Practica 1 3D Avanzado\3D_Renderer\Debug\vc140.pdb'; linking object as if no debug info
sfml-system-s-d.lib(Mutex.cpp.obj) : warning LNK4099: PDB 'vc140.pdb' was not found with 'sfml-system-s-d.lib(Mutex.cpp.obj)' or at 'D:\ESNE\Practica 1 3D Avanzado\3D_Renderer\Debug\vc140.pdb'; linking object as if no debug info
sfml-system-s-d.lib(Sleep.cpp.obj) : warning LNK4099: PDB 'vc140.pdb' was not found with 'sfml-system-s-d.lib(Sleep.cpp.obj)' or at 'D:\ESNE\Practica 1 3D Avanzado\3D_Renderer\Debug\vc140.pdb'; linking object as if no debug info
sfml-system-s-d.lib(String.cpp.obj) : warning LNK4099: PDB 'vc140.pdb' was not found with 'sfml-system-s-d.lib(String.cpp.obj)' or at 'D:\ESNE\Practica 1 3D Avanzado\3D_Renderer\Debug\vc140.pdb'; linking object as if no debug info
sfml-system-s-d.lib(ThreadLocal.cpp.obj) : warning LNK4099: PDB 'vc140.pdb' was not found with 'sfml-system-s-d.lib(ThreadLocal.cpp.obj)' or at 'D:\ESNE\Practica 1 3D Avanzado\3D_Renderer\Debug\vc140.pdb'; linking object as if no debug info
sfml-system-s-d.lib(Time.cpp.obj) : warning LNK4099: PDB 'vc140.pdb' was not found with 'sfml-system-s-d.lib(Time.cpp.obj)' or at 'D:\ESNE\Practica 1 3D Avanzado\3D_Renderer\Debug\vc140.pdb'; linking object as if no debug info
sfml-system-s-d.lib(ClockImpl.cpp.obj) : warning LNK4099: PDB 'vc140.pdb' was not found with 'sfml-system-s-d.lib(ClockImpl.cpp.obj)' or at 'D:\ESNE\Practica 1 3D Avanzado\3D_Renderer\Debug\vc140.pdb'; linking object as if no debug info
sfml-system-s-d.lib(MutexImpl.cpp.obj) : warning LNK4099: PDB 'vc140.pdb' was not found with 'sfml-system-s-d.lib(MutexImpl.cpp.obj)' or at 'D:\ESNE\Practica 1 3D Avanzado\3D_Renderer\Debug\vc140.pdb'; linking object as if no debug info
sfml-system-s-d.lib(SleepImpl.cpp.obj) : warning LNK4099: PDB 'vc140.pdb' was not found with 'sfml-system-s-d.lib(SleepImpl.cpp.obj)' or at 'D:\ESNE\Practica 1 3D Avanzado\3D_Renderer\Debug\vc140.pdb'; linking object as if no debug info
sfml-system-s-d.lib(ThreadLocalImpl.cpp.obj) : warning LNK4099: PDB 'vc140.pdb' was not found with 'sfml-system-s-d.lib(ThreadLocalImpl.cpp.obj)' or at 'D:\ESNE\Practica 1 3D Avanzado\3D_Renderer\Debug\vc140.pdb'; linking object as if no debug info
sfml-window-s-d.lib(Context.cpp.obj) : warning LNK4099: PDB 'vc140.pdb' was not found with 'sfml-window-s-d.lib(Context.cpp.obj)' or at 'D:\ESNE\Practica 1 3D Avanzado\3D_Renderer\Debug\vc140.pdb'; linking object as if no debug info
sfml-window-s-d.lib(GlContext.cpp.obj) : warning LNK4099: PDB 'vc140.pdb' was not found with 'sfml-window-s-d.lib(GlContext.cpp.obj)' or at 'D:\ESNE\Practica 1 3D Avanzado\3D_Renderer\Debug\vc140.pdb'; linking object as if no debug info
sfml-window-s-d.lib(GlResource.cpp.obj) : warning LNK4099: PDB 'vc140.pdb' was not found with 'sfml-window-s-d.lib(GlResource.cpp.obj)' or at 'D:\ESNE\Practica 1 3D Avanzado\3D_Renderer\Debug\vc140.pdb'; linking object as if no debug info
sfml-window-s-d.lib(Joystick.cpp.obj) : warning LNK4099: PDB 'vc140.pdb' was not found with 'sfml-window-s-d.lib(Joystick.cpp.obj)' or at 'D:\ESNE\Practica 1 3D Avanzado\3D_Renderer\Debug\vc140.pdb'; linking object as if no debug info
sfml-window-s-d.lib(JoystickManager.cpp.obj) : warning LNK4099: PDB 'vc140.pdb' was not found with 'sfml-window-s-d.lib(JoystickManager.cpp.obj)' or at 'D:\ESNE\Practica 1 3D Avanzado\3D_Renderer\Debug\vc140.pdb'; linking object as if no debug info
sfml-window-s-d.lib(SensorManager.cpp.obj) : warning LNK4099: PDB 'vc140.pdb' was not found with 'sfml-window-s-d.lib(SensorManager.cpp.obj)' or at 'D:\ESNE\Practica 1 3D Avanzado\3D_Renderer\Debug\vc140.pdb'; linking object as if no debug info
sfml-window-s-d.lib(VideoMode.cpp.obj) : warning LNK4099: PDB 'vc140.pdb' was not found with 'sfml-window-s-d.lib(VideoMode.cpp.obj)' or at 'D:\ESNE\Practica 1 3D Avanzado\3D_Renderer\Debug\vc140.pdb'; linking object as if no debug info
sfml-window-s-d.lib(Window.cpp.obj) : warning LNK4099: PDB 'vc140.pdb' was not found with 'sfml-window-s-d.lib(Window.cpp.obj)' or at 'D:\ESNE\Practica 1 3D Avanzado\3D_Renderer\Debug\vc140.pdb'; linking object as if no debug info
sfml-window-s-d.lib(WindowImpl.cpp.obj) : warning LNK4099: PDB 'vc140.pdb' was not found with 'sfml-window-s-d.lib(WindowImpl.cpp.obj)' or at 'D:\ESNE\Practica 1 3D Avanzado\3D_Renderer\Debug\vc140.pdb'; linking object as if no debug info
sfml-window-s-d.lib(WglContext.cpp.obj) : warning LNK4099: PDB 'vc140.pdb' was not found with 'sfml-window-s-d.lib(WglContext.cpp.obj)' or at 'D:\ESNE\Practica 1 3D Avanzado\3D_Renderer\Debug\vc140.pdb'; linking object as if no debug info
sfml-window-s-d.lib(WglExtensions.cpp.obj) : warning LNK4099: PDB 'vc140.pdb' was not found with 'sfml-window-s-d.lib(WglExtensions.cpp.obj)' or at 'D:\ESNE\Practica 1 3D Avanzado\3D_Renderer\Debug\vc140.pdb'; linking object as if no debug info
sfml-window-s-d.lib(JoystickImpl.cpp.obj) : warning LNK4099: PDB 'vc140.pdb' was not found with 'sfml-window-s-d.lib(JoystickImpl.cpp.obj)' or at 'D:\ESNE\Practica 1 3D Avanzado\3D_Renderer\Debug\vc140.pdb'; linking object as if no debug info
sfml-window-s-d.lib(SensorImpl.cpp.obj) : warning LNK4099: PDB 'vc140.pdb' was not found with 'sfml-window-s-d.lib(SensorImpl.cpp.obj)' or at 'D:\ESNE\Practica 1 3D Avanzado\3D_Renderer\Debug\vc140.pdb'; linking object as if no debug info
sfml-window-s-d.lib(VideoModeImpl.cpp.obj) : warning LNK4099: PDB 'vc140.pdb' was not found with 'sfml-window-s-d.lib(VideoModeImpl.cpp.obj)' or at 'D:\ESNE\Practica 1 3D Avanzado\3D_Renderer\Debug\vc140.pdb'; linking object as if no debug info
sfml-window-s-d.lib(WindowImplWin32.cpp.obj) : warning LNK4099: PDB 'vc140.pdb' was not found with 'sfml-window-s-d.lib(WindowImplWin32.cpp.obj)' or at 'D:\ESNE\Practica 1 3D Avanzado\3D_Renderer\Debug\vc140.pdb'; linking object as if no debug info
  3D_Renderer.vcxproj -> D:\ESNE\Practica 1 3D Avanzado\3D_Renderer\Debug\3D_Renderer.exe
